[1224/110929.624:ERROR:directory_reader_win.cc(43)] FindFirstFile: Системе не удается найти указанный путь. (0x3)
[1224/155749.936:ERROR:process_reader_win.cc(151)] SuspendThread: Отказано в доступе. (0x5)
[1224/155751.700:ERROR:process_reader_win.cc(151)] SuspendThread: Отказано в доступе. (0x5)
[1224/155751.701:ERROR:process_reader_win.cc(151)] SuspendThread: Отказано в доступе. (0x5)
[1224/155751.701:ERROR:process_reader_win.cc(151)] SuspendThread: Отказано в доступе. (0x5)
[1224/155815.975:ERROR:process_reader_win.cc(151)] SuspendThread: Отказано в доступе. (0x5)
[1225/093408.245:ERROR:directory_reader_win.cc(43)] FindFirstFile: Системе не удается найти указанный путь. (0x3)
[1225/171825.679:ERROR:process_reader_win.cc(151)] SuspendThread: Отказано в доступе. (0x5)
[1225/171834.565:ERROR:process_reader_win.cc(151)] SuspendThread: Отказано в доступе. (0x5)
[1225/171834.565:ERROR:process_reader_win.cc(151)] SuspendThread: Отказано в доступе. (0x5)
[1225/171834.566:ERROR:process_reader_win.cc(151)] SuspendThread: Отказано в доступе. (0x5)
[1225/171834.566:ERROR:process_reader_win.cc(151)] SuspendThread: Отказано в доступе. (0x5)
[1225/171834.566:ERROR:process_reader_win.cc(151)] SuspendThread: Отказано в доступе. (0x5)
[1225/171835.179:ERROR:process_reader_win.cc(151)] SuspendThread: Отказано в доступе. (0x5)
[1225/171841.598:ERROR:process_reader_win.cc(151)] SuspendThread: Отказано в доступе. (0x5)
[1225/171841.598:ERROR:process_reader_win.cc(151)] SuspendThread: Отказано в доступе. (0x5)
[1225/171841.598:ERROR:process_reader_win.cc(151)] SuspendThread: Отказано в доступе. (0x5)
[1225/171841.598:ERROR:process_reader_win.cc(151)] SuspendThread: Отказано в доступе. (0x5)
[1225/171841.598:ERROR:process_reader_win.cc(151)] SuspendThread: Отказано в доступе. (0x5)
[1225/171841.598:ERROR:process_reader_win.cc(151)] SuspendThread: Отказано в доступе. (0x5)
[1225/171841.598:ERROR:process_reader_win.cc(151)] SuspendThread: Отказано в доступе. (0x5)
[1225/171841.598:ERROR:process_reader_win.cc(151)] SuspendThread: Отказано в доступе. (0x5)
[1225/171841.598:ERROR:process_reader_win.cc(151)] SuspendThread: Отказано в доступе. (0x5)
[1225/171846.182:ERROR:process_reader_win.cc(151)] SuspendThread: Отказано в доступе. (0x5)
[1225/171903.523:ERROR:process_reader_win.cc(151)] SuspendThread: Отказано в доступе. (0x5)
[1225/171903.523:ERROR:process_reader_win.cc(151)] SuspendThread: Отказано в доступе. (0x5)
[1225/171903.524:ERROR:process_reader_win.cc(151)] SuspendThread: Отказано в доступе. (0x5)
[1225/171903.524:ERROR:process_reader_win.cc(151)] SuspendThread: Отказано в доступе. (0x5)
[1225/171903.524:ERROR:process_reader_win.cc(151)] SuspendThread: Отказано в доступе. (0x5)
[1226/132957.377:ERROR:directory_reader_win.cc(43)] FindFirstFile: Системе не удается найти указанный путь. (0x3)
[1226/133104.645:ERROR:process_reader_win.cc(151)] SuspendThread: Отказано в доступе. (0x5)
[1226/133104.645:ERROR:process_reader_win.cc(151)] SuspendThread: Отказано в доступе. (0x5)
[1226/133104.645:ERROR:process_reader_win.cc(151)] SuspendThread: Отказано в доступе. (0x5)
[1226/133105.816:ERROR:process_reader_win.cc(151)] SuspendThread: Отказано в доступе. (0x5)
[1226/133105.816:ERROR:process_reader_win.cc(151)] SuspendThread: Отказано в доступе. (0x5)
[1226/133105.816:ERROR:process_reader_win.cc(151)] SuspendThread: Отказано в доступе. (0x5)
[1226/133105.816:ERROR:process_reader_win.cc(151)] SuspendThread: Отказано в доступе. (0x5)
[1226/133105.816:ERROR:process_reader_win.cc(151)] SuspendThread: Отказано в доступе. (0x5)
[1226/133105.816:ERROR:process_reader_win.cc(151)] SuspendThread: Отказано в доступе. (0x5)
[1226/133105.816:ERROR:process_reader_win.cc(151)] SuspendThread: Отказано в доступе. (0x5)
[1226/133105.816:ERROR:process_reader_win.cc(151)] SuspendThread: Отказано в доступе. (0x5)
[1226/133106.601:ERROR:process_reader_win.cc(151)] SuspendThread: Отказано в доступе. (0x5)
[1226/133106.601:ERROR:process_reader_win.cc(151)] SuspendThread: Отказано в доступе. (0x5)
[1226/133106.601:ERROR:process_reader_win.cc(151)] SuspendThread: Отказано в доступе. (0x5)
[1226/133106.601:ERROR:process_reader_win.cc(151)] SuspendThread: Отказано в доступе. (0x5)
[1226/133106.601:ERROR:process_reader_win.cc(151)] SuspendThread: Отказано в доступе. (0x5)
[1226/133106.601:ERROR:process_reader_win.cc(151)] SuspendThread: Отказано в доступе. (0x5)
[1226/133106.601:ERROR:process_reader_win.cc(151)] SuspendThread: Отказано в доступе. (0x5)
[1226/133106.602:ERROR:process_reader_win.cc(151)] SuspendThread: Отказано в доступе. (0x5)
[1226/133107.819:ERROR:process_reader_win.cc(151)] SuspendThread: Отказано в доступе. (0x5)
[1226/133107.819:ERROR:process_reader_win.cc(151)] SuspendThread: Отказано в доступе. (0x5)
[1226/133107.819:ERROR:process_reader_win.cc(151)] SuspendThread: Отказано в доступе. (0x5)
[1226/133107.819:ERROR:process_reader_win.cc(151)] SuspendThread: Отказано в доступе. (0x5)
[1226/133107.819:ERROR:process_reader_win.cc(151)] SuspendThread: Отказано в доступе. (0x5)
[1226/133107.819:ERROR:process_reader_win.cc(151)] SuspendThread: Отказано в доступе. (0x5)
[1226/133107.819:ERROR:process_reader_win.cc(151)] SuspendThread: Отказано в доступе. (0x5)
[1226/133107.819:ERROR:process_reader_win.cc(151)] SuspendThread: Отказано в доступе. (0x5)
[1226/133108.851:ERROR:process_reader_win.cc(151)] SuspendThread: Отказано в доступе. (0x5)
[1226/133108.851:ERROR:process_reader_win.cc(151)] SuspendThread: Отказано в доступе. (0x5)
[1226/133108.851:ERROR:process_reader_win.cc(151)] SuspendThread: Отказано в доступе. (0x5)
[1226/133108.851:ERROR:process_reader_win.cc(151)] SuspendThread: Отказано в доступе. (0x5)
[1226/133108.851:ERROR:process_reader_win.cc(151)] SuspendThread: Отказано в доступе. (0x5)
[1226/133108.851:ERROR:process_reader_win.cc(151)] SuspendThread: Отказано в доступе. (0x5)
[1226/133108.851:ERROR:process_reader_win.cc(151)] SuspendThread: Отказано в доступе. (0x5)
[1226/133110.471:ERROR:process_reader_win.cc(151)] SuspendThread: Отказано в доступе. (0x5)
[1226/133110.471:ERROR:process_reader_win.cc(151)] SuspendThread: Отказано в доступе. (0x5)
[1226/133110.471:ERROR:process_reader_win.cc(151)] SuspendThread: Отказано в доступе. (0x5)
[1226/133110.471:ERROR:process_reader_win.cc(151)] SuspendThread: Отказано в доступе. (0x5)
[1226/133110.471:ERROR:process_reader_win.cc(151)] SuspendThread: Отказано в доступе. (0x5)
[1226/133110.471:ERROR:process_reader_win.cc(151)] SuspendThread: Отказано в доступе. (0x5)
[1226/133110.471:ERROR:process_reader_win.cc(151)] SuspendThread: Отказано в доступе. (0x5)
[1226/133110.834:ERROR:process_reader_win.cc(151)] SuspendThread: Отказано в доступе. (0x5)
[1226/133110.834:ERROR:process_reader_win.cc(151)] SuspendThread: Отказано в доступе. (0x5)
[1226/133110.834:ERROR:process_reader_win.cc(151)] SuspendThread: Отказано в доступе. (0x5)
[1226/133110.834:ERROR:process_reader_win.cc(151)] SuspendThread: Отказано в доступе. (0x5)
[1226/133110.834:ERROR:process_reader_win.cc(151)] SuspendThread: Отказано в доступе. (0x5)
[1226/133110.834:ERROR:process_reader_win.cc(151)] SuspendThread: Отказано в доступе. (0x5)
[1226/133110.834:ERROR:process_reader_win.cc(151)] SuspendThread: Отказано в доступе. (0x5)
[1226/133110.834:ERROR:process_reader_win.cc(151)] SuspendThread: Отказано в доступе. (0x5)
[1226/133448.086:ERROR:process_reader_win.cc(151)] SuspendThread: Отказано в доступе. (0x5)
[1226/133454.583:ERROR:process_reader_win.cc(151)] SuspendThread: Отказано в доступе. (0x5)
[1226/133454.583:ERROR:process_reader_win.cc(151)] SuspendThread: Отказано в доступе. (0x5)
[1226/133454.583:ERROR:process_reader_win.cc(151)] SuspendThread: Отказано в доступе. (0x5)
[1226/133454.583:ERROR:process_reader_win.cc(151)] SuspendThread: Отказано в доступе. (0x5)
[1226/133454.583:ERROR:process_reader_win.cc(151)] SuspendThread: Отказано в доступе. (0x5)
[1226/133454.583:ERROR:process_reader_win.cc(151)] SuspendThread: Отказано в доступе. (0x5)
[1226/133454.583:ERROR:process_reader_win.cc(151)] SuspendThread: Отказано в доступе. (0x5)
[1226/133455.643:ERROR:process_reader_win.cc(151)] SuspendThread: Отказано в доступе. (0x5)
[1226/133455.643:ERROR:process_reader_win.cc(151)] SuspendThread: Отказано в доступе. (0x5)
[1226/133455.643:ERROR:process_reader_win.cc(151)] SuspendThread: Отказано в доступе. (0x5)
[1226/133455.643:ERROR:process_reader_win.cc(151)] SuspendThread: Отказано в доступе. (0x5)
[1226/133455.643:ERROR:process_reader_win.cc(151)] SuspendThread: Отказано в доступе. (0x5)
[1226/133455.643:ERROR:process_reader_win.cc(151)] SuspendThread: Отказано в доступе. (0x5)
[1226/133456.030:ERROR:process_reader_win.cc(151)] SuspendThread: Отказано в доступе. (0x5)
[1226/133456.030:ERROR:process_reader_win.cc(151)] SuspendThread: Отказано в доступе. (0x5)
[1226/133456.030:ERROR:process_reader_win.cc(151)] SuspendThread: Отказано в доступе. (0x5)
[1226/133456.030:ERROR:process_reader_win.cc(151)] SuspendThread: Отказано в доступе. (0x5)
[1226/133456.030:ERROR:process_reader_win.cc(151)] SuspendThread: Отказано в доступе. (0x5)
[1226/133456.030:ERROR:process_reader_win.cc(151)] SuspendThread: Отказано в доступе. (0x5)
[1226/133456.030:ERROR:process_reader_win.cc(151)] SuspendThread: Отказано в доступе. (0x5)
[1226/133456.578:ERROR:process_reader_win.cc(151)] SuspendThread: Отказано в доступе. (0x5)
[1226/133456.579:ERROR:process_reader_win.cc(151)] SuspendThread: Отказано в доступе. (0x5)
[1226/133456.579:ERROR:process_reader_win.cc(151)] SuspendThread: Отказано в доступе. (0x5)
[1226/133456.579:ERROR:process_reader_win.cc(151)] SuspendThread: Отказано в доступе. (0x5)
[1226/133456.579:ERROR:process_reader_win.cc(151)] SuspendThread: Отказано в доступе. (0x5)
[1226/133456.579:ERROR:process_reader_win.cc(151)] SuspendThread: Отказано в доступе. (0x5)
[1226/133456.579:ERROR:process_reader_win.cc(151)] SuspendThread: Отказано в доступе. (0x5)
[1226/133456.579:ERROR:process_reader_win.cc(151)] SuspendThread: Отказано в доступе. (0x5)
[1226/133456.889:ERROR:process_reader_win.cc(151)] SuspendThread: Отказано в доступе. (0x5)
[1226/133456.889:ERROR:process_reader_win.cc(151)] SuspendThread: Отказано в доступе. (0x5)
[1226/133456.889:ERROR:process_reader_win.cc(151)] SuspendThread: Отказано в доступе. (0x5)
[1226/133456.889:ERROR:process_reader_win.cc(151)] SuspendThread: Отказано в доступе. (0x5)
[1226/133457.578:ERROR:process_reader_win.cc(151)] SuspendThread: Отказано в доступе. (0x5)
[1226/134436.977:ERROR:process_reader_win.cc(151)] SuspendThread: Отказано в доступе. (0x5)
[1226/134439.687:ERROR:process_reader_win.cc(151)] SuspendThread: Отказано в доступе. (0x5)
[1226/134439.687:ERROR:process_reader_win.cc(151)] SuspendThread: Отказано в доступе. (0x5)
[1226/134439.687:ERROR:process_reader_win.cc(151)] SuspendThread: Отказано в доступе. (0x5)
[1226/134439.687:ERROR:process_reader_win.cc(151)] SuspendThread: Отказано в доступе. (0x5)
[1226/134439.687:ERROR:process_reader_win.cc(151)] SuspendThread: Отказано в доступе. (0x5)
[1226/134439.687:ERROR:process_reader_win.cc(151)] SuspendThread: Отказано в доступе. (0x5)
[1226/134439.687:ERROR:process_reader_win.cc(151)] SuspendThread: Отказано в доступе. (0x5)
[1226/134441.803:ERROR:process_reader_win.cc(151)] SuspendThread: Отказано в доступе. (0x5)
[1226/134442.126:ERROR:process_reader_win.cc(151)] SuspendThread: Отказано в доступе. (0x5)
[1226/135640.201:ERROR:directory_reader_win.cc(43)] FindFirstFile: Системе не удается найти указанный путь. (0x3)
[1226/135640.378:ERROR:filesystem_win.cc(129)] GetFileAttributes C:\Users\Marco\AppData\Local\Google\Chrome\User Data\Crashpad\attachments\32f319e2-9d5a-40c5-b5bf-3734f8fa33a8: Системе не удается найти указанный путь. (0x3)
[1226/135640.499:ERROR:filesystem_win.cc(129)] GetFileAttributes C:\Users\Marco\AppData\Local\Google\Chrome\User Data\Crashpad\attachments\941c5ac8-3527-4971-b582-32e295535355: Системе не удается найти указанный путь. (0x3)
[1226/135640.539:ERROR:filesystem_win.cc(129)] GetFileAttributes C:\Users\Marco\AppData\Local\Google\Chrome\User Data\Crashpad\attachments\48f39b9a-f342-4a9d-a867-90fd065baa2b: Системе не удается найти указанный путь. (0x3)
[1226/135640.662:ERROR:filesystem_win.cc(129)] GetFileAttributes C:\Users\Marco\AppData\Local\Google\Chrome\User Data\Crashpad\attachments\d3047bf7-121b-4b7c-9459-88d20c73d33e: Системе не удается найти указанный путь. (0x3)
[1226/135640.859:ERROR:filesystem_win.cc(129)] GetFileAttributes C:\Users\Marco\AppData\Local\Google\Chrome\User Data\Crashpad\attachments\69ac8efb-6f1c-48e9-8a4d-377792bb6623: Системе не удается найти указанный путь. (0x3)
[1226/135640.915:ERROR:filesystem_win.cc(129)] GetFileAttributes C:\Users\Marco\AppData\Local\Google\Chrome\User Data\Crashpad\attachments\23d29901-6d3b-4505-80b7-511b6482cefb: Системе не удается найти указанный путь. (0x3)
[1226/135641.054:ERROR:filesystem_win.cc(129)] GetFileAttributes C:\Users\Marco\AppData\Local\Google\Chrome\User Data\Crashpad\attachments\99d471d4-3245-4244-8ad9-26443d7f3750: Системе не удается найти указанный путь. (0x3)
[1226/135641.339:ERROR:filesystem_win.cc(129)] GetFileAttributes C:\Users\Marco\AppData\Local\Google\Chrome\User Data\Crashpad\attachments\5edbcd5a-e132-4f57-9b64-54d1e1c1e998: Системе не удается найти указанный путь. (0x3)
[1226/135641.583:ERROR:filesystem_win.cc(129)] GetFileAttributes C:\Users\Marco\AppData\Local\Google\Chrome\User Data\Crashpad\attachments\e8c301e3-b0bd-4652-ac12-ba7575e5128c: Системе не удается найти указанный путь. (0x3)
[1226/135641.805:ERROR:filesystem_win.cc(129)] GetFileAttributes C:\Users\Marco\AppData\Local\Google\Chrome\User Data\Crashpad\attachments\acb3289b-61cc-417b-ab2c-89bdefad06f8: Системе не удается найти указанный путь. (0x3)
[1226/135641.934:ERROR:filesystem_win.cc(129)] GetFileAttributes C:\Users\Marco\AppData\Local\Google\Chrome\User Data\Crashpad\attachments\96a846e2-7fd2-49da-889e-65c6190e1c47: Системе не удается найти указанный путь. (0x3)
[1226/135642.572:ERROR:filesystem_win.cc(129)] GetFileAttributes C:\Users\Marco\AppData\Local\Google\Chrome\User Data\Crashpad\attachments\47fe6fe2-48b3-438d-baa8-68f46ea70656: Системе не удается найти указанный путь. (0x3)
[1226/135642.923:ERROR:filesystem_win.cc(129)] GetFileAttributes C:\Users\Marco\AppData\Local\Google\Chrome\User Data\Crashpad\attachments\64864525-84be-4708-b23a-a5b3190e4d56: Системе не удается найти указанный путь. (0x3)
[1226/135643.062:ERROR:filesystem_win.cc(129)] GetFileAttributes C:\Users\Marco\AppData\Local\Google\Chrome\User Data\Crashpad\attachments\34574aa9-937f-4412-8cd2-c433cd64ea6d: Системе не удается найти указанный путь. (0x3)
[1226/135643.118:ERROR:filesystem_win.cc(129)] GetFileAttributes C:\Users\Marco\AppData\Local\Google\Chrome\User Data\Crashpad\attachments\6dc6e672-60ee-4c0f-b4dd-b62586cc1a4e: Системе не удается найти указанный путь. (0x3)
[1226/135643.285:ERROR:filesystem_win.cc(129)] GetFileAttributes C:\Users\Marco\AppData\Local\Google\Chrome\User Data\Crashpad\attachments\c60cf945-4a26-4969-a670-8c684e46ba1e: Системе не удается найти указанный путь. (0x3)
[1226/135643.390:ERROR:filesystem_win.cc(129)] GetFileAttributes C:\Users\Marco\AppData\Local\Google\Chrome\User Data\Crashpad\attachments\d7234d67-9a05-456c-b316-cf3cf4d4a11d: Системе не удается найти указанный путь. (0x3)
[1226/135643.397:ERROR:filesystem_win.cc(129)] GetFileAttributes C:\Users\Marco\AppData\Local\Google\Chrome\User Data\Crashpad\attachments\5a9f4f8f-0491-4d7e-a077-1697b5b17f3e: Системе не удается найти указанный путь. (0x3)
[1226/135644.023:ERROR:filesystem_win.cc(129)] GetFileAttributes C:\Users\Marco\AppData\Local\Google\Chrome\User Data\Crashpad\attachments\329937d8-983d-47d2-84aa-7ece330553e5: Системе не удается найти указанный путь. (0x3)
[1226/135644.143:ERROR:filesystem_win.cc(129)] GetFileAttributes C:\Users\Marco\AppData\Local\Google\Chrome\User Data\Crashpad\attachments\f84829fe-0446-40eb-9b0e-94f8e445c686: Системе не удается найти указанный путь. (0x3)
[1226/135644.154:ERROR:filesystem_win.cc(129)] GetFileAttributes C:\Users\Marco\AppData\Local\Google\Chrome\User Data\Crashpad\attachments\33e07297-b59a-4c9f-aae7-8360ab42341e: Системе не удается найти указанный путь. (0x3)
[1226/135644.217:ERROR:filesystem_win.cc(129)] GetFileAttributes C:\Users\Marco\AppData\Local\Google\Chrome\User Data\Crashpad\attachments\1fee9da7-9fb1-4ef0-97e1-073b8057dd80: Системе не удается найти указанный путь. (0x3)
[1226/135644.234:ERROR:filesystem_win.cc(129)] GetFileAttributes C:\Users\Marco\AppData\Local\Google\Chrome\User Data\Crashpad\attachments\1f748fef-4a72-4210-b83c-7a9a1b3ac4f5: Системе не удается найти указанный путь. (0x3)
[1226/135644.246:ERROR:filesystem_win.cc(129)] GetFileAttributes C:\Users\Marco\AppData\Local\Google\Chrome\User Data\Crashpad\attachments\ff7bf405-bdcb-43f0-a969-5177bbe079f2: Системе не удается найти указанный путь. (0x3)
[1226/135644.299:ERROR:filesystem_win.cc(129)] GetFileAttributes C:\Users\Marco\AppData\Local\Google\Chrome\User Data\Crashpad\attachments\4b99b167-ec9f-4144-96b4-8bf6b2ee0a80: Системе не удается найти указанный путь. (0x3)
[1226/135644.314:ERROR:filesystem_win.cc(129)] GetFileAttributes C:\Users\Marco\AppData\Local\Google\Chrome\User Data\Crashpad\attachments\6e0bb043-9af9-4f3d-b3d4-acff78017565: Системе не удается найти указанный путь. (0x3)
[1226/135644.399:ERROR:filesystem_win.cc(129)] GetFileAttributes C:\Users\Marco\AppData\Local\Google\Chrome\User Data\Crashpad\attachments\63575fff-ea89-4d29-a3e2-141778d3509e: Системе не удается найти указанный путь. (0x3)
[1226/135644.449:ERROR:filesystem_win.cc(129)] GetFileAttributes C:\Users\Marco\AppData\Local\Google\Chrome\User Data\Crashpad\attachments\d85e4f56-1920-4da8-bf1c-defecdaf475c: Системе не удается найти указанный путь. (0x3)
[1226/135644.547:ERROR:filesystem_win.cc(129)] GetFileAttributes C:\Users\Marco\AppData\Local\Google\Chrome\User Data\Crashpad\attachments\3700f4b6-7f98-446d-9c21-d3a723fb505e: Системе не удается найти указанный путь. (0x3)
[1226/135644.577:ERROR:filesystem_win.cc(129)] GetFileAttributes C:\Users\Marco\AppData\Local\Google\Chrome\User Data\Crashpad\attachments\9efe83af-b48a-4b47-b244-6f6154c51429: Системе не удается найти указанный путь. (0x3)
[1226/135644.596:ERROR:filesystem_win.cc(129)] GetFileAttributes C:\Users\Marco\AppData\Local\Google\Chrome\User Data\Crashpad\attachments\fbfc17ec-51c2-491b-b717-67d7af8f2d3f: Системе не удается найти указанный путь. (0x3)
[1226/135644.611:ERROR:filesystem_win.cc(129)] GetFileAttributes C:\Users\Marco\AppData\Local\Google\Chrome\User Data\Crashpad\attachments\7ba8cb0d-c4f9-430e-bd3f-5de03d53d949: Системе не удается найти указанный путь. (0x3)
[1226/135644.824:ERROR:filesystem_win.cc(129)] GetFileAttributes C:\Users\Marco\AppData\Local\Google\Chrome\User Data\Crashpad\attachments\df3b7774-9fbe-4734-9d5d-c974eb3309fe: Системе не удается найти указанный путь. (0x3)
[1226/135645.354:ERROR:filesystem_win.cc(129)] GetFileAttributes C:\Users\Marco\AppData\Local\Google\Chrome\User Data\Crashpad\attachments\62f9f5b3-03ac-4f16-8c4c-de62206c321f: Системе не удается найти указанный путь. (0x3)
[1226/135645.573:ERROR:filesystem_win.cc(129)] GetFileAttributes C:\Users\Marco\AppData\Local\Google\Chrome\User Data\Crashpad\attachments\242cdfd4-9f37-4c43-83f7-25f2b1e29930: Системе не удается найти указанный путь. (0x3)
[1226/135645.862:ERROR:filesystem_win.cc(129)] GetFileAttributes C:\Users\Marco\AppData\Local\Google\Chrome\User Data\Crashpad\attachments\daa22be1-54de-4559-a7e3-a439774ecdfc: Системе не удается найти указанный путь. (0x3)
[1226/135646.076:ERROR:filesystem_win.cc(129)] GetFileAttributes C:\Users\Marco\AppData\Local\Google\Chrome\User Data\Crashpad\attachments\df6e5f1e-f84e-43b6-991e-8e63298579dd: Системе не удается найти указанный путь. (0x3)
[1226/135646.223:ERROR:filesystem_win.cc(129)] GetFileAttributes C:\Users\Marco\AppData\Local\Google\Chrome\User Data\Crashpad\attachments\a80cf1e6-a048-48a3-90e9-f4c5b3fa1d7b: Системе не удается найти указанный путь. (0x3)
[1226/195812.302:ERROR:process_reader_win.cc(151)] SuspendThread: Отказано в доступе. (0x5)
[1226/195812.397:ERROR:process_reader_win.cc(151)] SuspendThread: Отказано в доступе. (0x5)
[1226/195821.233:ERROR:process_reader_win.cc(151)] SuspendThread: Отказано в доступе. (0x5)
[1226/195829.692:ERROR:process_reader_win.cc(151)] SuspendThread: Отказано в доступе. (0x5)
[1226/195829.692:ERROR:process_reader_win.cc(151)] SuspendThread: Отказано в доступе. (0x5)
[1226/195829.692:ERROR:process_reader_win.cc(151)] SuspendThread: Отказано в доступе. (0x5)
[1226/195829.692:ERROR:process_reader_win.cc(151)] SuspendThread: Отказано в доступе. (0x5)
[1226/195829.692:ERROR:process_reader_win.cc(151)] SuspendThread: Отказано в доступе. (0x5)
[1226/195829.692:ERROR:process_reader_win.cc(151)] SuspendThread: Отказано в доступе. (0x5)
[1226/195834.263:ERROR:process_reader_win.cc(151)] SuspendThread: Отказано в доступе. (0x5)
[1226/195834.264:ERROR:process_reader_win.cc(151)] SuspendThread: Отказано в доступе. (0x5)
[1226/195834.264:ERROR:process_reader_win.cc(151)] SuspendThread: Отказано в доступе. (0x5)
[1226/195834.264:ERROR:process_reader_win.cc(151)] SuspendThread: Отказано в доступе. (0x5)
[1226/195834.264:ERROR:process_reader_win.cc(151)] SuspendThread: Отказано в доступе. (0x5)
[1226/195834.264:ERROR:process_reader_win.cc(151)] SuspendThread: Отказано в доступе. (0x5)
[1226/195841.313:ERROR:process_reader_win.cc(151)] SuspendThread: Отказано в доступе. (0x5)
[1226/195841.313:ERROR:process_reader_win.cc(151)] SuspendThread: Отказано в доступе. (0x5)
[1226/195841.313:ERROR:process_reader_win.cc(151)] SuspendThread: Отказано в доступе. (0x5)
[1226/195841.313:ERROR:process_reader_win.cc(151)] SuspendThread: Отказано в доступе. (0x5)
[1226/195841.313:ERROR:process_reader_win.cc(151)] SuspendThread: Отказано в доступе. (0x5)
[1226/195841.313:ERROR:process_reader_win.cc(151)] SuspendThread: Отказано в доступе. (0x5)
[1226/195841.313:ERROR:process_reader_win.cc(151)] SuspendThread: Отказано в доступе. (0x5)
[1226/195841.313:ERROR:process_reader_win.cc(151)] SuspendThread: Отказано в доступе. (0x5)
[1226/195850.467:ERROR:process_reader_win.cc(151)] SuspendThread: Отказано в доступе. (0x5)
[1226/195850.467:ERROR:process_reader_win.cc(151)] SuspendThread: Отказано в доступе. (0x5)
[1226/195850.467:ERROR:process_reader_win.cc(151)] SuspendThread: Отказано в доступе. (0x5)
[1226/195858.911:ERROR:process_reader_win.cc(151)] SuspendThread: Отказано в доступе. (0x5)
[1226/195858.911:ERROR:process_reader_win.cc(151)] SuspendThread: Отказано в доступе. (0x5)
[1226/195858.911:ERROR:process_reader_win.cc(151)] SuspendThread: Отказано в доступе. (0x5)
[1226/195858.911:ERROR:process_reader_win.cc(151)] SuspendThread: Отказано в доступе. (0x5)
[1226/195858.911:ERROR:process_reader_win.cc(151)] SuspendThread: Отказано в доступе. (0x5)
[1226/195858.911:ERROR:process_reader_win.cc(151)] SuspendThread: Отказано в доступе. (0x5)
[1226/195858.911:ERROR:process_reader_win.cc(151)] SuspendThread: Отказано в доступе. (0x5)
[1226/195858.911:ERROR:process_reader_win.cc(151)] SuspendThread: Отказано в доступе. (0x5)
[1226/195901.239:ERROR:process_reader_win.cc(151)] SuspendThread: Отказано в доступе. (0x5)
[1226/195901.239:ERROR:process_reader_win.cc(151)] SuspendThread: Отказано в доступе. (0x5)
[1226/195901.240:ERROR:process_reader_win.cc(151)] SuspendThread: Отказано в доступе. (0x5)
[1226/195901.240:ERROR:process_reader_win.cc(151)] SuspendThread: Отказано в доступе. (0x5)
[1226/195901.240:ERROR:process_reader_win.cc(151)] SuspendThread: Отказано в доступе. (0x5)
[1226/195901.240:ERROR:process_reader_win.cc(151)] SuspendThread: Отказано в доступе. (0x5)
[1226/195901.240:ERROR:process_reader_win.cc(151)] SuspendThread: Отказано в доступе. (0x5)
[1226/195902.347:ERROR:process_reader_win.cc(151)] SuspendThread: Отказано в доступе. (0x5)
[1226/195917.345:ERROR:process_reader_win.cc(151)] SuspendThread: Отказано в доступе. (0x5)
[1226/195917.346:ERROR:process_reader_win.cc(151)] SuspendThread: Отказано в доступе. (0x5)
[1226/201111.461:ERROR:directory_reader_win.cc(43)] FindFirstFile: Системе не удается найти указанный путь. (0x3)
[1226/201111.610:ERROR:filesystem_win.cc(129)] GetFileAttributes C:\Users\Marco\AppData\Local\Google\Chrome\User Data\Crashpad\attachments\96bc06e9-299d-4007-85ed-0ed940286d03: Системе не удается найти указанный путь. (0x3)
[1226/201112.095:ERROR:filesystem_win.cc(129)] GetFileAttributes C:\Users\Marco\AppData\Local\Google\Chrome\User Data\Crashpad\attachments\7b454098-6ae9-4595-9efd-273b8d4383f5: Системе не удается найти указанный путь. (0x3)
[1226/201112.120:ERROR:filesystem_win.cc(129)] GetFileAttributes C:\Users\Marco\AppData\Local\Google\Chrome\User Data\Crashpad\attachments\eecb7798-0a53-4d06-9599-65152728fb4a: Системе не удается найти указанный путь. (0x3)
[1226/201112.373:ERROR:filesystem_win.cc(129)] GetFileAttributes C:\Users\Marco\AppData\Local\Google\Chrome\User Data\Crashpad\attachments\c83030b9-e2ca-4494-892c-4bd37d61d92c: Системе не удается найти указанный путь. (0x3)
[1226/201112.387:ERROR:filesystem_win.cc(129)] GetFileAttributes C:\Users\Marco\AppData\Local\Google\Chrome\User Data\Crashpad\attachments\ac961692-4e6b-4309-8c6d-9a01ea5c27e5: Системе не удается найти указанный путь. (0x3)
[1226/201112.394:ERROR:filesystem_win.cc(129)] GetFileAttributes C:\Users\Marco\AppData\Local\Google\Chrome\User Data\Crashpad\attachments\a9113f62-3f2b-44a1-9063-2acbfa16254b: Системе не удается найти указанный путь. (0x3)
[1226/201112.458:ERROR:filesystem_win.cc(129)] GetFileAttributes C:\Users\Marco\AppData\Local\Google\Chrome\User Data\Crashpad\attachments\6756f362-fd77-4968-a272-3c947c64e426: Системе не удается найти указанный путь. (0x3)
[1226/201112.852:ERROR:filesystem_win.cc(129)] GetFileAttributes C:\Users\Marco\AppData\Local\Google\Chrome\User Data\Crashpad\attachments\a827f426-a51e-4f69-adde-5755c7ca2630: Системе не удается найти указанный путь. (0x3)
[1226/201112.877:ERROR:filesystem_win.cc(129)] GetFileAttributes C:\Users\Marco\AppData\Local\Google\Chrome\User Data\Crashpad\attachments\812eb951-4718-4588-99b3-313cf3286cca: Системе не удается найти указанный путь. (0x3)
[1226/201113.065:ERROR:filesystem_win.cc(129)] GetFileAttributes C:\Users\Marco\AppData\Local\Google\Chrome\User Data\Crashpad\attachments\c0228710-2c4d-4384-affe-a80317457532: Системе не удается найти указанный путь. (0x3)
[1226/201113.136:ERROR:filesystem_win.cc(129)] GetFileAttributes C:\Users\Marco\AppData\Local\Google\Chrome\User Data\Crashpad\attachments\574fecc8-5140-4373-978e-0d9059d0645f: Системе не удается найти указанный путь. (0x3)
[1226/201113.314:ERROR:filesystem_win.cc(129)] GetFileAttributes C:\Users\Marco\AppData\Local\Google\Chrome\User Data\Crashpad\attachments\0807d03e-4f0a-4301-9669-1207630a9563: Системе не удается найти указанный путь. (0x3)
[1226/201113.524:ERROR:filesystem_win.cc(129)] GetFileAttributes C:\Users\Marco\AppData\Local\Google\Chrome\User Data\Crashpad\attachments\595023f2-76ef-42e0-9b6f-4a676e2b4c90: Системе не удается найти указанный путь. (0x3)
[1226/201113.619:ERROR:filesystem_win.cc(129)] GetFileAttributes C:\Users\Marco\AppData\Local\Google\Chrome\User Data\Crashpad\attachments\f30de8c8-11dd-4ec1-ac69-a1f2a7893491: Системе не удается найти указанный путь. (0x3)
[1226/201113.708:ERROR:filesystem_win.cc(129)] GetFileAttributes C:\Users\Marco\AppData\Local\Google\Chrome\User Data\Crashpad\attachments\80f30c8c-e633-4166-928f-c372fb0ff3bd: Системе не удается найти указанный путь. (0x3)
[1226/201114.026:ERROR:filesystem_win.cc(129)] GetFileAttributes C:\Users\Marco\AppData\Local\Google\Chrome\User Data\Crashpad\attachments\eb41efb6-5e5e-47aa-abcb-5f36e51d3d9b: Системе не удается найти указанный путь. (0x3)
[1226/201114.069:ERROR:filesystem_win.cc(129)] GetFileAttributes C:\Users\Marco\AppData\Local\Google\Chrome\User Data\Crashpad\attachments\76c34ac7-2536-40a1-93db-b7f559002ce8: Системе не удается найти указанный путь. (0x3)
[1226/201114.087:ERROR:filesystem_win.cc(129)] GetFileAttributes C:\Users\Marco\AppData\Local\Google\Chrome\User Data\Crashpad\attachments\7765796f-40b7-410b-83f5-77b6c5acdba3: Системе не удается найти указанный путь. (0x3)
[1226/201114.136:ERROR:filesystem_win.cc(129)] GetFileAttributes C:\Users\Marco\AppData\Local\Google\Chrome\User Data\Crashpad\attachments\8c2f1bbb-bee3-4f55-82d4-54dda2585687: Системе не удается найти указанный путь. (0x3)
[1226/201114.267:ERROR:filesystem_win.cc(129)] GetFileAttributes C:\Users\Marco\AppData\Local\Google\Chrome\User Data\Crashpad\attachments\74b11523-238a-4b08-90b0-318bb14e1868: Системе не удается найти указанный путь. (0x3)
[1226/201114.345:ERROR:filesystem_win.cc(129)] GetFileAttributes C:\Users\Marco\AppData\Local\Google\Chrome\User Data\Crashpad\attachments\02cc3229-c5a1-4aeb-84a1-245c725c1d43: Системе не удается найти указанный путь. (0x3)
[1226/201114.519:ERROR:filesystem_win.cc(129)] GetFileAttributes C:\Users\Marco\AppData\Local\Google\Chrome\User Data\Crashpad\attachments\3920f327-9b84-40fe-9252-fee0783c8a25: Системе не удается найти указанный путь. (0x3)
[1226/205216.292:ERROR:process_reader_win.cc(151)] SuspendThread: Отказано в доступе. (0x5)
[1226/205216.377:ERROR:process_reader_win.cc(151)] SuspendThread: Отказано в доступе. (0x5)
[1226/205216.377:ERROR:process_reader_win.cc(151)] SuspendThread: Отказано в доступе. (0x5)
[1226/205216.377:ERROR:process_reader_win.cc(151)] SuspendThread: Отказано в доступе. (0x5)
[1226/205216.377:ERROR:process_reader_win.cc(151)] SuspendThread: Отказано в доступе. (0x5)
[1226/205216.377:ERROR:process_reader_win.cc(151)] SuspendThread: Отказано в доступе. (0x5)
[1226/205216.377:ERROR:process_reader_win.cc(151)] SuspendThread: Отказано в доступе. (0x5)
[1226/205226.244:ERROR:process_reader_win.cc(151)] SuspendThread: Отказано в доступе. (0x5)
[1226/205226.244:ERROR:process_reader_win.cc(151)] SuspendThread: Отказано в доступе. (0x5)
[1226/205226.244:ERROR:process_reader_win.cc(151)] SuspendThread: Отказано в доступе. (0x5)
[1226/205226.244:ERROR:process_reader_win.cc(151)] SuspendThread: Отказано в доступе. (0x5)
[1226/205226.244:ERROR:process_reader_win.cc(151)] SuspendThread: Отказано в доступе. (0x5)
[1226/205226.244:ERROR:process_reader_win.cc(151)] SuspendThread: Отказано в доступе. (0x5)
[1226/205233.395:ERROR:process_reader_win.cc(151)] SuspendThread: Отказано в доступе. (0x5)
[1226/205233.395:ERROR:process_reader_win.cc(151)] SuspendThread: Отказано в доступе. (0x5)
[1226/205233.395:ERROR:process_reader_win.cc(151)] SuspendThread: Отказано в доступе. (0x5)
[1226/205233.395:ERROR:process_reader_win.cc(151)] SuspendThread: Отказано в доступе. (0x5)
[1226/205233.395:ERROR:process_reader_win.cc(151)] SuspendThread: Отказано в доступе. (0x5)
[1226/205233.395:ERROR:process_reader_win.cc(151)] SuspendThread: Отказано в доступе. (0x5)
[1226/205246.642:ERROR:process_reader_win.cc(151)] SuspendThread: Отказано в доступе. (0x5)
[1226/205246.642:ERROR:process_reader_win.cc(151)] SuspendThread: Отказано в доступе. (0x5)
[1226/205247.486:ERROR:process_reader_win.cc(151)] SuspendThread: Отказано в доступе. (0x5)
[1226/205248.818:ERROR:process_reader_win.cc(151)] SuspendThread: Отказано в доступе. (0x5)
[1226/210302.482:ERROR:process_reader_win.cc(151)] SuspendThread: Отказано в доступе. (0x5)
[1226/210302.484:ERROR:process_reader_win.cc(151)] SuspendThread: Отказано в доступе. (0x5)
[1226/210302.487:ERROR:process_reader_win.cc(151)] SuspendThread: Отказано в доступе. (0x5)
[1226/210302.489:ERROR:process_reader_win.cc(151)] SuspendThread: Отказано в доступе. (0x5)
[1226/210302.492:ERROR:process_reader_win.cc(151)] SuspendThread: Отказано в доступе. (0x5)
[1226/210303.716:ERROR:process_reader_win.cc(151)] SuspendThread: Отказано в доступе. (0x5)
[1226/210303.716:ERROR:process_reader_win.cc(151)] SuspendThread: Отказано в доступе. (0x5)
[1226/210303.716:ERROR:process_reader_win.cc(151)] SuspendThread: Отказано в доступе. (0x5)
[1226/210303.716:ERROR:process_reader_win.cc(151)] SuspendThread: Отказано в доступе. (0x5)
[1226/210303.716:ERROR:process_reader_win.cc(151)] SuspendThread: Отказано в доступе. (0x5)
[1226/210303.716:ERROR:process_reader_win.cc(151)] SuspendThread: Отказано в доступе. (0x5)
[1226/210308.338:ERROR:process_reader_win.cc(151)] SuspendThread: Отказано в доступе. (0x5)
[1226/210308.338:ERROR:process_reader_win.cc(151)] SuspendThread: Отказано в доступе. (0x5)
[0101/144655.636:ERROR:directory_reader_win.cc(43)] FindFirstFile: Системе не удается найти указанный путь. (0x3)
[0101/161836.363:ERROR:process_reader_win.cc(151)] SuspendThread: Отказано в доступе. (0x5)
